[2022-01-06 14:18:40] local.ERROR: SQLSTATE[HY000]: General error: 1364 Field 'sequence' doesn't have a default value (SQL: insert into `telescope_entries` (`batch_id`, `content`, `created_at`, `family_hash`, `type`, `uuid`) values (954a3195-76eb-4347-bc1c-408f33ec84ec, {"name":"auth.login","path":"\/resources\/views\/auth\/login.blade.php","data":[],"hostname":"ip-107-180-91-158.ip.secureserver.net"}, 2022-01-06 14:18:39, ?, view, 954a3195-6c73-4989-a140-be48f83ca7e9), (954a3195-76eb-4347-bc1c-408f33ec84ec, {"uri":"\/admin\/login","method":"GET","controller_action":"App\\Http\\Controllers\\Auth\\LoginController@showLoginForm","middleware":["web","guest"],"headers":{"accept":"text\/html,application\/xhtml+xml,application\/xml;q=0.9,image\/avif,image\/webp,image\/apng,*\/*;q=0.8,application\/signed-exchange;v=b3;q=0.9","accept-encoding":"gzip, deflate, br","accept-language":"en-GB,en-US;q=0.9,en;q=0.8","connection":"keep-alive","cookie":"remember_web_59ba36addc2b2f9401580f014c7f58ea4e30989d=eyJpdiI6InFVRkF4dWNBd1lzQWlZTGNLTEVSVVE9PSIsInZhbHVlIjoiQXZFU2Y2RnU1clE1OWRjUWtmQzZPbTdqT2c5cHhLaGdMWDZkXC9qcGR2Z1wvNUhcL2c5TzIzV1wvTkIxaUFcL1dvdklxdTAwTmZTYjEwR1ZQQ2ZGd0hZUVlGXC9uQ0ZyaEUyMmN6blNiSzFaU3JwYWVERit3cjk3T0pvajdBc05iV0V5eVZtbEFLUzhVQmJlNnVwaVhBZmh6R09lN1B4M2EzbWxqRmNSYzJEUHhVclwvdz0iLCJtYWMiOiJjNTY1N2E2ZGY3MjYwMmUyNzg2MmFmZDYxYmJhZjk5MDJmOTU2ZjBmMmJiY2UxOTQ1OThkYTRkZjYzNjA3ZGVjIn0%3D; _ga=GA1.2.2084789954.1629524026; __zlcmid=15rkIalfmRTQVqD; roundcube_cookies=enabled; timezone=Asia\/Kolkata; cpsession=androidhiker%3aitSW81z3ci25sJ3p%2c22ee2dd311e6145e4dca3aa730352028; XSRF-TOKEN=eyJpdiI6IkU5cW9RaGEzdFBzaE90TGJvVzBrc0E9PSIsInZhbHVlIjoiQzFYNWJRWVFCZzJLejlFMitRZ3RTSU93eEZSZnV6cUpLcGNtekt2RGt4cEdxUkUwa1dEN2JGOHhDUUczWVRLbiIsIm1hYyI6IjczMWNhYWNiNjU4ZjFmYmRmODI2NjA4YjM5OWFkOWE5YzcyMTYxMTdiNjc2YmVjOWI1OTk2YWJjMDU4ZWZlYjUifQ%3D%3D; laravel_session=eyJpdiI6InZxSGNjOWYzWW1Zb1g5b1Zhb0pZY1E9PSIsInZhbHVlIjoiMHFIM2ltXC9XdjBvSHd4MFZITmpOaFZSRFgyOU15eDE1QUNZTGVvVnBsc01kb1A5aVJqaEpmS0gzcEgyM1J5REgiLCJtYWMiOiIzYjYzYjI5MzI3NWRiM2M5YWM4ZWM3MWQ3YTFlNDMzNTY0ODQ2N2M0NDVmMmNlNjUyNzBmOWRlNGM1OGRiMzBjIn0%3D","host":"androidhiker.com","sec-ch-ua":"\" Not A;Brand\";v=\"99\", \"Chromium\";v=\"96\", \"Google Chrome\";v=\"96\"","sec-ch-ua-mobile":"?0","sec-ch-ua-platform":"\"macOS\"","sec-fetch-dest":"document","sec-fetch-mode":"navigate","sec-fetch-site":"none","sec-fetch-user":"?1","upgrade-insecure-requests":"1","user-agent":"Mozilla\/5.0 (Macintosh; Intel Mac OS X 10_15_7) AppleWebKit\/537.36 (KHTML, like Gecko) Chrome\/96.0.4664.110 Safari\/537.36","x-https":"1"},"payload":[],"session":{"currency":"INR","rates":null,"_token":"G4dq3hd2k9MhmfSRHA9WQ7k3zDIFYY20JMrJPg9u","_previous":{"url":"https:\/\/androidhiker.com\/ekart\/admin\/login"},"_flash":{"old":[],"new":[]}},"response_status":200,"response":{"view":"\/home\/androidhiker\/public_html\/ekart\/resources\/views\/auth\/login.blade.php","data":[]},"duration":1019,"memory":10,"hostname":"ip-107-180-91-158.ip.secureserver.net"}, 2022-01-06 14:18:39, ?, request, 954a3195-7687-4802-bc24-363bc0c4f67e)) {"exception":"[object] (Illuminate\\Database\\QueryException(code: HY000): SQLSTATE[HY000]: General error: 1364 Field 'sequence' doesn't have a default value (SQL: insert into `telescope_entries` (`batch_id`, `content`, `created_at`, `family_hash`, `type`, `uuid`) values (954a3195-76eb-4347-bc1c-408f33ec84ec, {\"name\":\"auth.login\",\"path\":\"\\/resources\\/views\\/auth\\/login.blade.php\",\"data\":[],\"hostname\":\"ip-107-180-91-158.ip.secureserver.net\"}, 2022-01-06 14:18:39, ?, view, 954a3195-6c73-4989-a140-be48f83ca7e9), (954a3195-76eb-4347-bc1c-408f33ec84ec, {\"uri\":\"\\/admin\\/login\",\"method\":\"GET\",\"controller_action\":\"App\\\\Http\\\\Controllers\\\\Auth\\\\LoginController@showLoginForm\",\"middleware\":[\"web\",\"guest\"],\"headers\":{\"accept\":\"text\\/html,application\\/xhtml+xml,application\\/xml;q=0.9,image\\/avif,image\\/webp,image\\/apng,*\\/*;q=0.8,application\\/signed-exchange;v=b3;q=0.9\",\"accept-encoding\":\"gzip, deflate, br\",\"accept-language\":\"en-GB,en-US;q=0.9,en;q=0.8\",\"connection\":\"keep-alive\",\"cookie\":\"remember_web_59ba36addc2b2f9401580f014c7f58ea4e30989d=eyJpdiI6InFVRkF4dWNBd1lzQWlZTGNLTEVSVVE9PSIsInZhbHVlIjoiQXZFU2Y2RnU1clE1OWRjUWtmQzZPbTdqT2c5cHhLaGdMWDZkXC9qcGR2Z1wvNUhcL2c5TzIzV1wvTkIxaUFcL1dvdklxdTAwTmZTYjEwR1ZQQ2ZGd0hZUVlGXC9uQ0ZyaEUyMmN6blNiSzFaU3JwYWVERit3cjk3T0pvajdBc05iV0V5eVZtbEFLUzhVQmJlNnVwaVhBZmh6R09lN1B4M2EzbWxqRmNSYzJEUHhVclwvdz0iLCJtYWMiOiJjNTY1N2E2ZGY3MjYwMmUyNzg2MmFmZDYxYmJhZjk5MDJmOTU2ZjBmMmJiY2UxOTQ1OThkYTRkZjYzNjA3ZGVjIn0%3D; _ga=GA1.2.2084789954.1629524026; __zlcmid=15rkIalfmRTQVqD; roundcube_cookies=enabled; timezone=Asia\\/Kolkata; cpsession=androidhiker%3aitSW81z3ci25sJ3p%2c22ee2dd311e6145e4dca3aa730352028; XSRF-TOKEN=eyJpdiI6IkU5cW9RaGEzdFBzaE90TGJvVzBrc0E9PSIsInZhbHVlIjoiQzFYNWJRWVFCZzJLejlFMitRZ3RTSU93eEZSZnV6cUpLcGNtekt2RGt4cEdxUkUwa1dEN2JGOHhDUUczWVRLbiIsIm1hYyI6IjczMWNhYWNiNjU4ZjFmYmRmODI2NjA4YjM5OWFkOWE5YzcyMTYxMTdiNjc2YmVjOWI1OTk2YWJjMDU4ZWZlYjUifQ%3D%3D; laravel_session=eyJpdiI6InZxSGNjOWYzWW1Zb1g5b1Zhb0pZY1E9PSIsInZhbHVlIjoiMHFIM2ltXC9XdjBvSHd4MFZITmpOaFZSRFgyOU15eDE1QUNZTGVvVnBsc01kb1A5aVJqaEpmS0gzcEgyM1J5REgiLCJtYWMiOiIzYjYzYjI5MzI3NWRiM2M5YWM4ZWM3MWQ3YTFlNDMzNTY0ODQ2N2M0NDVmMmNlNjUyNzBmOWRlNGM1OGRiMzBjIn0%3D\",\"host\":\"androidhiker.com\",\"sec-ch-ua\":\"\\\" Not A;Brand\\\";v=\\\"99\\\", \\\"Chromium\\\";v=\\\"96\\\", \\\"Google Chrome\\\";v=\\\"96\\\"\",\"sec-ch-ua-mobile\":\"?0\",\"sec-ch-ua-platform\":\"\\\"macOS\\\"\",\"sec-fetch-dest\":\"document\",\"sec-fetch-mode\":\"navigate\",\"sec-fetch-site\":\"none\",\"sec-fetch-user\":\"?1\",\"upgrade-insecure-requests\":\"1\",\"user-agent\":\"Mozilla\\/5.0 (Macintosh; Intel Mac OS X 10_15_7) AppleWebKit\\/537.36 (KHTML, like Gecko) Chrome\\/96.0.4664.110 Safari\\/537.36\",\"x-https\":\"1\"},\"payload\":[],\"session\":{\"currency\":\"INR\",\"rates\":null,\"_token\":\"G4dq3hd2k9MhmfSRHA9WQ7k3zDIFYY20JMrJPg9u\",\"_previous\":{\"url\":\"https:\\/\\/androidhiker.com\\/ekart\\/admin\\/login\"},\"_flash\":{\"old\":[],\"new\":[]}},\"response_status\":200,\"response\":{\"view\":\"\\/home\\/androidhiker\\/public_html\\/ekart\\/resources\\/views\\/auth\\/login.blade.php\",\"data\":[]},\"duration\":1019,\"memory\":10,\"hostname\":\"ip-107-180-91-158.ip.secureserver.net\"}, 2022-01-06 14:18:39, ?, request, 954a3195-7687-4802-bc24-363bc0c4f67e)) at /home/androidhiker/public_html/ekart/vendor/laravel/framework/src/Illuminate/Database/Connection.php:669)
[stacktrace]
#0 /home/androidhiker/public_html/ekart/vendor/laravel/framework/src/Illuminate/Database/Connection.php(629): Illuminate\\Database\\Connection->runQueryCallback('insert into `te...', Array, Object(Closure))
#1 /home/androidhiker/public_html/ekart/vendor/laravel/framework/src/Illuminate/Database/Connection.php(464): Illuminate\\Database\\Connection->run('insert into `te...', Array, Object(Closure))
#2 /home/androidhiker/public_html/ekart/vendor/laravel/framework/src/Illuminate/Database/Connection.php(416): Illuminate\\Database\\Connection->statement('insert into `te...', Array)
#3 /home/androidhiker/public_html/ekart/vendor/laravel/framework/src/Illuminate/Database/Query/Builder.php(2651): Illuminate\\Database\\Connection->insert('insert into `te...', Array)
#4 /home/androidhiker/public_html/ekart/vendor/laravel/telescope/src/Storage/DatabaseEntriesRepository.php(148): Illuminate\\Database\\Query\\Builder->insert(Array)
#5 /home/androidhiker/public_html/ekart/vendor/laravel/framework/src/Illuminate/Support/Traits/EnumeratesValues.php(176): Laravel\\Telescope\\Storage\\DatabaseEntriesRepository->Laravel\\Telescope\\Storage\\{closure}(Object(Illuminate\\Support\\Collection), 0)
#6 /home/androidhiker/public_html/ekart/vendor/laravel/telescope/src/Storage/DatabaseEntriesRepository.php(149): Illuminate\\Support\\Collection->each(Object(Closure))
#7 /home/androidhiker/public_html/ekart/vendor/laravel/telescope/src/Telescope.php(568): Laravel\\Telescope\\Storage\\DatabaseEntriesRepository->store(Object(Illuminate\\Support\\Collection))
#8 /home/androidhiker/public_html/ekart/vendor/laravel/telescope/src/ListensForStorageOpportunities.php(44): Laravel\\Telescope\\Telescope::store(Object(Laravel\\Telescope\\Storage\\DatabaseEntriesRepository))
#9 [internal function]: Laravel\\Telescope\\Telescope::Laravel\\Telescope\\{closure}()
#10 /home/androidhiker/public_html/ekart/vendor/laravel/framework/src/Illuminate/Container/BoundMethod.php(32): call_user_func_array(Object(Closure), Array)
#11 /home/androidhiker/public_html/ekart/vendor/laravel/framework/src/Illuminate/Container/Util.php(36): Illuminate\\Container\\BoundMethod::Illuminate\\Container\\{closure}()
#12 /home/androidhiker/public_html/ekart/vendor/laravel/framework/src/Illuminate/Container/BoundMethod.php(78): Illuminate\\Container\\Util::unwrapIfClosure(Object(Closure))
#13 /home/androidhiker/public_html/ekart/vendor/laravel/framework/src/Illuminate/Container/BoundMethod.php(34): Illuminate\\Container\\BoundMethod::callBoundMethod(Object(Illuminate\\Foundation\\Application), Object(Closure), Object(Closure))
#14 /home/androidhiker/public_html/ekart/vendor/laravel/framework/src/Illuminate/Container/Container.php(590): Illuminate\\Container\\BoundMethod::call(Object(Illuminate\\Foundation\\Application), Object(Closure), Array, NULL)
#15 /home/androidhiker/public_html/ekart/vendor/laravel/framework/src/Illuminate/Foundation/Application.php(1067): Illuminate\\Container\\Container->call(Object(Closure))
#16 /home/androidhiker/public_html/ekart/vendor/laravel/framework/src/Illuminate/Foundation/Http/Kernel.php(185): Illuminate\\Foundation\\Application->terminate()
#17 /home/androidhiker/public_html/ekart/public/index.php(59): Illuminate\\Foundation\\Http\\Kernel->terminate(Object(Illuminate\\Http\\Request), Object(Illuminate\\Http\\Response))
#18 /home/androidhiker/public_html/ekart/index.php(21): require_once('/home/androidhi...')
#19 {main}

[previous exception] [object] (PDOException(code: HY000): SQLSTATE[HY000]: General error: 1364 Field 'sequence' doesn't have a default value at /home/androidhiker/public_html/ekart/vendor/laravel/framework/src/Illuminate/Database/Connection.php:463)
[stacktrace]
#0 /home/androidhiker/public_html/ekart/vendor/laravel/framework/src/Illuminate/Database/Connection.php(463): PDOStatement->execute()
#1 /home/androidhiker/public_html/ekart/vendor/laravel/framework/src/Illuminate/Database/Connection.php(662): Illuminate\\Database\\Connection->Illuminate\\Database\\{closure}('insert into `te...', Array)
#2 /home/androidhiker/public_html/ekart/vendor/laravel/framework/src/Illuminate/Database/Connection.php(629): Illuminate\\Database\\Connection->runQueryCallback('insert into `te...', Array, Object(Closure))
#3 /home/androidhiker/public_html/ekart/vendor/laravel/framework/src/Illuminate/Database/Connection.php(464): Illuminate\\Database\\Connection->run('insert into `te...', Array, Object(Closure))
#4 /home/androidhiker/public_html/ekart/vendor/laravel/framework/src/Illuminate/Database/Connection.php(416): Illuminate\\Database\\Connection->statement('insert into `te...', Array)
#5 /home/androidhiker/public_html/ekart/vendor/laravel/framework/src/Illuminate/Database/Query/Builder.php(2651): Illuminate\\Database\\Connection->insert('insert into `te...', Array)
#6 /home/androidhiker/public_html/ekart/vendor/laravel/telescope/src/Storage/DatabaseEntriesRepository.php(148): Illuminate\\Database\\Query\\Builder->insert(Array)
#7 /home/androidhiker/public_html/ekart/vendor/laravel/framework/src/Illuminate/Support/Traits/EnumeratesValues.php(176): Laravel\\Telescope\\Storage\\DatabaseEntriesRepository->Laravel\\Telescope\\Storage\\{closure}(Object(Illuminate\\Support\\Collection), 0)
#8 /home/androidhiker/public_html/ekart/vendor/laravel/telescope/src/Storage/DatabaseEntriesRepository.php(149): Illuminate\\Support\\Collection->each(Object(Closure))
#9 /home/androidhiker/public_html/ekart/vendor/laravel/telescope/src/Telescope.php(568): Laravel\\Telescope\\Storage\\DatabaseEntriesRepository->store(Object(Illuminate\\Support\\Collection))
#10 /home/androidhiker/public_html/ekart/vendor/laravel/telescope/src/ListensForStorageOpportunities.php(44): Laravel\\Telescope\\Telescope::store(Object(Laravel\\Telescope\\Storage\\DatabaseEntriesRepository))
#11 [internal function]: Laravel\\Telescope\\Telescope::Laravel\\Telescope\\{closure}()
#12 /home/androidhiker/public_html/ekart/vendor/laravel/framework/src/Illuminate/Container/BoundMethod.php(32): call_user_func_array(Object(Closure), Array)
#13 /home/androidhiker/public_html/ekart/vendor/laravel/framework/src/Illuminate/Container/Util.php(36): Illuminate\\Container\\BoundMethod::Illuminate\\Container\\{closure}()
#14 /home/androidhiker/public_html/ekart/vendor/laravel/framework/src/Illuminate/Container/BoundMethod.php(78): Illuminate\\Container\\Util::unwrapIfClosure(Object(Closure))
#15 /home/androidhiker/public_html/ekart/vendor/laravel/framework/src/Illuminate/Container/BoundMethod.php(34): Illuminate\\Container\\BoundMethod::callBoundMethod(Object(Illuminate\\Foundation\\Application), Object(Closure), Object(Closure))
#16 /home/androidhiker/public_html/ekart/vendor/laravel/framework/src/Illuminate/Container/Container.php(590): Illuminate\\Container\\BoundMethod::call(Object(Illuminate\\Foundation\\Application), Object(Closure), Array, NULL)
#17 /home/androidhiker/public_html/ekart/vendor/laravel/framework/src/Illuminate/Foundation/Application.php(1067): Illuminate\\Container\\Container->call(Object(Closure))
#18 /home/androidhiker/public_html/ekart/vendor/laravel/framework/src/Illuminate/Foundation/Http/Kernel.php(185): Illuminate\\Foundation\\Application->terminate()
#19 /home/androidhiker/public_html/ekart/public/index.php(59): Illuminate\\Foundation\\Http\\Kernel->terminate(Object(Illuminate\\Http\\Request), Object(Illuminate\\Http\\Response))
#20 /home/androidhiker/public_html/ekart/index.php(21): require_once('/home/androidhi...')
#21 {main}
"} 
[2022-01-06 14:19:14] local.ERROR: SQLSTATE[HY000]: General error: 1364 Field 'sequence' doesn't have a default value (SQL: insert into `telescope_entries` (`batch_id`, `content`, `created_at`, `family_hash`, `type`, `uuid`) values (954a31ca-ca84-4a94-93bb-5f38d209a56c, {"name":"errors::404","path":"\/vendor\/laravel\/framework\/src\/Illuminate\/Foundation\/Exceptions\/views\/404.blade.php","data":["exception"],"hostname":"ip-107-180-91-158.ip.secureserver.net"}, 2022-01-06 14:19:14, ?, view, 954a31ca-c814-4d9a-b636-77202d82f016), (954a31ca-ca84-4a94-93bb-5f38d209a56c, {"name":"errors::minimal","path":"\/vendor\/laravel\/framework\/src\/Illuminate\/Foundation\/Exceptions\/views\/minimal.blade.php","data":["category","exception"],"hostname":"ip-107-180-91-158.ip.secureserver.net"}, 2022-01-06 14:19:14, ?, view, 954a31ca-c9b1-4dd2-82c9-827166addcf9), (954a31ca-ca84-4a94-93bb-5f38d209a56c, {"uri":"\/api\/login","method":"GET","controller_action":null,"middleware":[],"headers":{"accept":"text\/html,application\/xhtml+xml,application\/xml;q=0.9,image\/avif,image\/webp,image\/apng,*\/*;q=0.8,application\/signed-exchange;v=b3;q=0.9","accept-encoding":"gzip, deflate, br","accept-language":"en-GB,en-US;q=0.9,en;q=0.8","connection":"keep-alive","cookie":"remember_web_59ba36addc2b2f9401580f014c7f58ea4e30989d=eyJpdiI6InFVRkF4dWNBd1lzQWlZTGNLTEVSVVE9PSIsInZhbHVlIjoiQXZFU2Y2RnU1clE1OWRjUWtmQzZPbTdqT2c5cHhLaGdMWDZkXC9qcGR2Z1wvNUhcL2c5TzIzV1wvTkIxaUFcL1dvdklxdTAwTmZTYjEwR1ZQQ2ZGd0hZUVlGXC9uQ0ZyaEUyMmN6blNiSzFaU3JwYWVERit3cjk3T0pvajdBc05iV0V5eVZtbEFLUzhVQmJlNnVwaVhBZmh6R09lN1B4M2EzbWxqRmNSYzJEUHhVclwvdz0iLCJtYWMiOiJjNTY1N2E2ZGY3MjYwMmUyNzg2MmFmZDYxYmJhZjk5MDJmOTU2ZjBmMmJiY2UxOTQ1OThkYTRkZjYzNjA3ZGVjIn0%3D; _ga=GA1.2.2084789954.1629524026; __zlcmid=15rkIalfmRTQVqD; roundcube_cookies=enabled; timezone=Asia\/Kolkata; cpsession=androidhiker%3aitSW81z3ci25sJ3p%2c22ee2dd311e6145e4dca3aa730352028; XSRF-TOKEN=eyJpdiI6IkJoelhMZ3IyeW5TcDN6N0dZN0dsRlE9PSIsInZhbHVlIjoiOEF6bDFcL0hTc3NwblpRMWVxQ256XC9lclcrajFkcHVwWFlyMmxlU1wvYnA3TlJcL3pUOGpDTFwvRk5sNzA5VDdESjBDIiwibWFjIjoiYzFiM2M3ZmY3ZWZiMjI1OGI4OGJiOTg0NzQ4ZWQ5ZDQwMjhjN2Q4Njg3MmQ1ZDFlNzM2ZjE5YWZmMzY3YzBlYyJ9; laravel_session=eyJpdiI6IlwvS1NwaVkwZlhCZGMxTUNFK3lGbTNRPT0iLCJ2YWx1ZSI6IjdVb3lmWjlYV1ZoTFwvdE1xMllzMTYxdlBLRUh1SWhNV1pSSlpMaDRROEpcL292TGM5eDBUWk1UM2EwQWpkdDhOaiIsIm1hYyI6IjZjOTZhMWUxMTc4ZGY4MzJmYWJiZGI3MDBmMzZhMjc4MmRhMjJkMTAwMGU1MDIzYTQ0OTkzMzNjZTAyYmNhMDMifQ%3D%3D","host":"androidhiker.com","sec-ch-ua":"\" Not A;Brand\";v=\"99\", \"Chromium\";v=\"96\", \"Google Chrome\";v=\"96\"","sec-ch-ua-mobile":"?0","sec-ch-ua-platform":"\"macOS\"","sec-fetch-dest":"document","sec-fetch-mode":"navigate","sec-fetch-site":"none","sec-fetch-user":"?1","upgrade-insecure-requests":"1","user-agent":"Mozilla\/5.0 (Macintosh; Intel Mac OS X 10_15_7) AppleWebKit\/537.36 (KHTML, like Gecko) Chrome\/96.0.4664.110 Safari\/537.36","x-https":"1"},"payload":[],"session":[],"response_status":404,"response":"HTML Response","duration":287,"memory":10,"hostname":"ip-107-180-91-158.ip.secureserver.net"}, 2022-01-06 14:19:14, ?, request, 954a31ca-ca4b-4064-bfd3-e4a910e5f155)) {"exception":"[object] (Illuminate\\Database\\QueryException(code: HY000): SQLSTATE[HY000]: General error: 1364 Field 'sequence' doesn't have a default value (SQL: insert into `telescope_entries` (`batch_id`, `content`, `created_at`, `family_hash`, `type`, `uuid`) values (954a31ca-ca84-4a94-93bb-5f38d209a56c, {\"name\":\"errors::404\",\"path\":\"\\/vendor\\/laravel\\/framework\\/src\\/Illuminate\\/Foundation\\/Exceptions\\/views\\/404.blade.php\",\"data\":[\"exception\"],\"hostname\":\"ip-107-180-91-158.ip.secureserver.net\"}, 2022-01-06 14:19:14, ?, view, 954a31ca-c814-4d9a-b636-77202d82f016), (954a31ca-ca84-4a94-93bb-5f38d209a56c, {\"name\":\"errors::minimal\",\"path\":\"\\/vendor\\/laravel\\/framework\\/src\\/Illuminate\\/Foundation\\/Exceptions\\/views\\/minimal.blade.php\",\"data\":[\"category\",\"exception\"],\"hostname\":\"ip-107-180-91-158.ip.secureserver.net\"}, 2022-01-06 14:19:14, ?, view, 954a31ca-c9b1-4dd2-82c9-827166addcf9), (954a31ca-ca84-4a94-93bb-5f38d209a56c, {\"uri\":\"\\/api\\/login\",\"method\":\"GET\",\"controller_action\":null,\"middleware\":[],\"headers\":{\"accept\":\"text\\/html,application\\/xhtml+xml,application\\/xml;q=0.9,image\\/avif,image\\/webp,image\\/apng,*\\/*;q=0.8,application\\/signed-exchange;v=b3;q=0.9\",\"accept-encoding\":\"gzip, deflate, br\",\"accept-language\":\"en-GB,en-US;q=0.9,en;q=0.8\",\"connection\":\"keep-alive\",\"cookie\":\"remember_web_59ba36addc2b2f9401580f014c7f58ea4e30989d=eyJpdiI6InFVRkF4dWNBd1lzQWlZTGNLTEVSVVE9PSIsInZhbHVlIjoiQXZFU2Y2RnU1clE1OWRjUWtmQzZPbTdqT2c5cHhLaGdMWDZkXC9qcGR2Z1wvNUhcL2c5TzIzV1wvTkIxaUFcL1dvdklxdTAwTmZTYjEwR1ZQQ2ZGd0hZUVlGXC9uQ0ZyaEUyMmN6blNiSzFaU3JwYWVERit3cjk3T0pvajdBc05iV0V5eVZtbEFLUzhVQmJlNnVwaVhBZmh6R09lN1B4M2EzbWxqRmNSYzJEUHhVclwvdz0iLCJtYWMiOiJjNTY1N2E2ZGY3MjYwMmUyNzg2MmFmZDYxYmJhZjk5MDJmOTU2ZjBmMmJiY2UxOTQ1OThkYTRkZjYzNjA3ZGVjIn0%3D; _ga=GA1.2.2084789954.1629524026; __zlcmid=15rkIalfmRTQVqD; roundcube_cookies=enabled; timezone=Asia\\/Kolkata; cpsession=androidhiker%3aitSW81z3ci25sJ3p%2c22ee2dd311e6145e4dca3aa730352028; XSRF-TOKEN=eyJpdiI6IkJoelhMZ3IyeW5TcDN6N0dZN0dsRlE9PSIsInZhbHVlIjoiOEF6bDFcL0hTc3NwblpRMWVxQ256XC9lclcrajFkcHVwWFlyMmxlU1wvYnA3TlJcL3pUOGpDTFwvRk5sNzA5VDdESjBDIiwibWFjIjoiYzFiM2M3ZmY3ZWZiMjI1OGI4OGJiOTg0NzQ4ZWQ5ZDQwMjhjN2Q4Njg3MmQ1ZDFlNzM2ZjE5YWZmMzY3YzBlYyJ9; laravel_session=eyJpdiI6IlwvS1NwaVkwZlhCZGMxTUNFK3lGbTNRPT0iLCJ2YWx1ZSI6IjdVb3lmWjlYV1ZoTFwvdE1xMllzMTYxdlBLRUh1SWhNV1pSSlpMaDRROEpcL292TGM5eDBUWk1UM2EwQWpkdDhOaiIsIm1hYyI6IjZjOTZhMWUxMTc4ZGY4MzJmYWJiZGI3MDBmMzZhMjc4MmRhMjJkMTAwMGU1MDIzYTQ0OTkzMzNjZTAyYmNhMDMifQ%3D%3D\",\"host\":\"androidhiker.com\",\"sec-ch-ua\":\"\\\" Not A;Brand\\\";v=\\\"99\\\", \\\"Chromium\\\";v=\\\"96\\\", \\\"Google Chrome\\\";v=\\\"96\\\"\",\"sec-ch-ua-mobile\":\"?0\",\"sec-ch-ua-platform\":\"\\\"macOS\\\"\",\"sec-fetch-dest\":\"document\",\"sec-fetch-mode\":\"navigate\",\"sec-fetch-site\":\"none\",\"sec-fetch-user\":\"?1\",\"upgrade-insecure-requests\":\"1\",\"user-agent\":\"Mozilla\\/5.0 (Macintosh; Intel Mac OS X 10_15_7) AppleWebKit\\/537.36 (KHTML, like Gecko) Chrome\\/96.0.4664.110 Safari\\/537.36\",\"x-https\":\"1\"},\"payload\":[],\"session\":[],\"response_status\":404,\"response\":\"HTML Response\",\"duration\":287,\"memory\":10,\"hostname\":\"ip-107-180-91-158.ip.secureserver.net\"}, 2022-01-06 14:19:14, ?, request, 954a31ca-ca4b-4064-bfd3-e4a910e5f155)) at /home/androidhiker/public_html/ekart/vendor/laravel/framework/src/Illuminate/Database/Connection.php:669)
[stacktrace]
#0 /home/androidhiker/public_html/ekart/vendor/laravel/framework/src/Illuminate/Database/Connection.php(629): Illuminate\\Database\\Connection->runQueryCallback('insert into `te...', Array, Object(Closure))
#1 /home/androidhiker/public_html/ekart/vendor/laravel/framework/src/Illuminate/Database/Connection.php(464): Illuminate\\Database\\Connection->run('insert into `te...', Array, Object(Closure))
#2 /home/androidhiker/public_html/ekart/vendor/laravel/framework/src/Illuminate/Database/Connection.php(416): Illuminate\\Database\\Connection->statement('insert into `te...', Array)
#3 /home/androidhiker/public_html/ekart/vendor/laravel/framework/src/Illuminate/Database/Query/Builder.php(2651): Illuminate\\Database\\Connection->insert('insert into `te...', Array)
#4 /home/androidhiker/public_html/ekart/vendor/laravel/telescope/src/Storage/DatabaseEntriesRepository.php(148): Illuminate\\Database\\Query\\Builder->insert(Array)
#5 /home/androidhiker/public_html/ekart/vendor/laravel/framework/src/Illuminate/Support/Traits/EnumeratesValues.php(176): Laravel\\Telescope\\Storage\\DatabaseEntriesRepository->Laravel\\Telescope\\Storage\\{closure}(Object(Illuminate\\Support\\Collection), 0)
#6 /home/androidhiker/public_html/ekart/vendor/laravel/telescope/src/Storage/DatabaseEntriesRepository.php(149): Illuminate\\Support\\Collection->each(Object(Closure))
#7 /home/androidhiker/public_html/ekart/vendor/laravel/telescope/src/Telescope.php(568): Laravel\\Telescope\\Storage\\DatabaseEntriesRepository->store(Object(Illuminate\\Support\\Collection))
#8 /home/androidhiker/public_html/ekart/vendor/laravel/telescope/src/ListensForStorageOpportunities.php(44): Laravel\\Telescope\\Telescope::store(Object(Laravel\\Telescope\\Storage\\DatabaseEntriesRepository))
#9 [internal function]: Laravel\\Telescope\\Telescope::Laravel\\Telescope\\{closure}()
#10 /home/androidhiker/public_html/ekart/vendor/laravel/framework/src/Illuminate/Container/BoundMethod.php(32): call_user_func_array(Object(Closure), Array)
#11 /home/androidhiker/public_html/ekart/vendor/laravel/framework/src/Illuminate/Container/Util.php(36): Illuminate\\Container\\BoundMethod::Illuminate\\Container\\{closure}()
#12 /home/androidhiker/public_html/ekart/vendor/laravel/framework/src/Illuminate/Container/BoundMethod.php(78): Illuminate\\Container\\Util::unwrapIfClosure(Object(Closure))
#13 /home/androidhiker/public_html/ekart/vendor/laravel/framework/src/Illuminate/Container/BoundMethod.php(34): Illuminate\\Container\\BoundMethod::callBoundMethod(Object(Illuminate\\Foundation\\Application), Object(Closure), Object(Closure))
#14 /home/androidhiker/public_html/ekart/vendor/laravel/framework/src/Illuminate/Container/Container.php(590): Illuminate\\Container\\BoundMethod::call(Object(Illuminate\\Foundation\\Application), Object(Closure), Array, NULL)
#15 /home/androidhiker/public_html/ekart/vendor/laravel/framework/src/Illuminate/Foundation/Application.php(1067): Illuminate\\Container\\Container->call(Object(Closure))
#16 /home/androidhiker/public_html/ekart/vendor/laravel/framework/src/Illuminate/Foundation/Http/Kernel.php(185): Illuminate\\Foundation\\Application->terminate()
#17 /home/androidhiker/public_html/ekart/public/index.php(59): Illuminate\\Foundation\\Http\\Kernel->terminate(Object(Illuminate\\Http\\Request), Object(Illuminate\\Http\\Response))
#18 /home/androidhiker/public_html/ekart/index.php(21): require_once('/home/androidhi...')
#19 {main}

[previous exception] [object] (PDOException(code: HY000): SQLSTATE[HY000]: General error: 1364 Field 'sequence' doesn't have a default value at /home/androidhiker/public_html/ekart/vendor/laravel/framework/src/Illuminate/Database/Connection.php:463)
[stacktrace]
#0 /home/androidhiker/public_html/ekart/vendor/laravel/framework/src/Illuminate/Database/Connection.php(463): PDOStatement->execute()
#1 /home/androidhiker/public_html/ekart/vendor/laravel/framework/src/Illuminate/Database/Connection.php(662): Illuminate\\Database\\Connection->Illuminate\\Database\\{closure}('insert into `te...', Array)
#2 /home/androidhiker/public_html/ekart/vendor/laravel/framework/src/Illuminate/Database/Connection.php(629): Illuminate\\Database\\Connection->runQueryCallback('insert into `te...', Array, Object(Closure))
#3 /home/androidhiker/public_html/ekart/vendor/laravel/framework/src/Illuminate/Database/Connection.php(464): Illuminate\\Database\\Connection->run('insert into `te...', Array, Object(Closure))
#4 /home/androidhiker/public_html/ekart/vendor/laravel/framework/src/Illuminate/Database/Connection.php(416): Illuminate\\Database\\Connection->statement('insert into `te...', Array)
#5 /home/androidhiker/public_html/ekart/vendor/laravel/framework/src/Illuminate/Database/Query/Builder.php(2651): Illuminate\\Database\\Connection->insert('insert into `te...', Array)
#6 /home/androidhiker/public_html/ekart/vendor/laravel/telescope/src/Storage/DatabaseEntriesRepository.php(148): Illuminate\\Database\\Query\\Builder->insert(Array)
#7 /home/androidhiker/public_html/ekart/vendor/laravel/framework/src/Illuminate/Support/Traits/EnumeratesValues.php(176): Laravel\\Telescope\\Storage\\DatabaseEntriesRepository->Laravel\\Telescope\\Storage\\{closure}(Object(Illuminate\\Support\\Collection), 0)
#8 /home/androidhiker/public_html/ekart/vendor/laravel/telescope/src/Storage/DatabaseEntriesRepository.php(149): Illuminate\\Support\\Collection->each(Object(Closure))
#9 /home/androidhiker/public_html/ekart/vendor/laravel/telescope/src/Telescope.php(568): Laravel\\Telescope\\Storage\\DatabaseEntriesRepository->store(Object(Illuminate\\Support\\Collection))
#10 /home/androidhiker/public_html/ekart/vendor/laravel/telescope/src/ListensForStorageOpportunities.php(44): Laravel\\Telescope\\Telescope::store(Object(Laravel\\Telescope\\Storage\\DatabaseEntriesRepository))
#11 [internal function]: Laravel\\Telescope\\Telescope::Laravel\\Telescope\\{closure}()
#12 /home/androidhiker/public_html/ekart/vendor/laravel/framework/src/Illuminate/Container/BoundMethod.php(32): call_user_func_array(Object(Closure), Array)
#13 /home/androidhiker/public_html/ekart/vendor/laravel/framework/src/Illuminate/Container/Util.php(36): Illuminate\\Container\\BoundMethod::Illuminate\\Container\\{closure}()
#14 /home/androidhiker/public_html/ekart/vendor/laravel/framework/src/Illuminate/Container/BoundMethod.php(78): Illuminate\\Container\\Util::unwrapIfClosure(Object(Closure))
#15 /home/androidhiker/public_html/ekart/vendor/laravel/framework/src/Illuminate/Container/BoundMethod.php(34): Illuminate\\Container\\BoundMethod::callBoundMethod(Object(Illuminate\\Foundation\\Application), Object(Closure), Object(Closure))
#16 /home/androidhiker/public_html/ekart/vendor/laravel/framework/src/Illuminate/Container/Container.php(590): Illuminate\\Container\\BoundMethod::call(Object(Illuminate\\Foundation\\Application), Object(Closure), Array, NULL)
#17 /home/androidhiker/public_html/ekart/vendor/laravel/framework/src/Illuminate/Foundation/Application.php(1067): Illuminate\\Container\\Container->call(Object(Closure))
#18 /home/androidhiker/public_html/ekart/vendor/laravel/framework/src/Illuminate/Foundation/Http/Kernel.php(185): Illuminate\\Foundation\\Application->terminate()
#19 /home/androidhiker/public_html/ekart/public/index.php(59): Illuminate\\Foundation\\Http\\Kernel->terminate(Object(Illuminate\\Http\\Request), Object(Illuminate\\Http\\Response))
#20 /home/androidhiker/public_html/ekart/index.php(21): require_once('/home/androidhi...')
#21 {main}
"} 
