[2021-07-23 10:27:45] local.ERROR: SQLSTATE[HY000]: General error: 1364 Field 'sequence' doesn't have a default value (SQL: insert into `telescope_entries` (`batch_id`, `content`, `created_at`, `family_hash`, `type`, `uuid`) values (93f9eca8-24f8-4e57-a38a-fd818d2cfe52, {"name":"auth.login","path":"\/resources\/views\/auth\/login.blade.php","data":[],"hostname":"ip-107-180-91-158.ip.secureserver.net"}, 2021-07-23 10:27:45, ?, view, 93f9eca8-1c00-4566-ad7c-ac4b97a4a627), (93f9eca8-24f8-4e57-a38a-fd818d2cfe52, {"uri":"\/admin\/login","method":"GET","controller_action":"App\\Http\\Controllers\\Auth\\LoginController@showLoginForm","middleware":["web","guest"],"headers":{"host":"androidhiker.com","connection":"keep-alive","sec-ch-ua":"\" Not;A Brand\";v=\"99\", \"Google Chrome\";v=\"91\", \"Chromium\";v=\"91\"","sec-ch-ua-mobile":"?0","upgrade-insecure-requests":"1","user-agent":"Mozilla\/5.0 (Windows NT 10.0; Win64; x64) AppleWebKit\/537.36 (KHTML, like Gecko) Chrome\/91.0.4472.164 Safari\/537.36","accept":"text\/html,application\/xhtml+xml,application\/xml;q=0.9,image\/avif,image\/webp,image\/apng,*\/*;q=0.8,application\/signed-exchange;v=b3;q=0.9","sec-fetch-site":"none","sec-fetch-mode":"navigate","sec-fetch-user":"?1","sec-fetch-dest":"document","accept-encoding":"gzip, deflate, br","accept-language":"en-IN,en-GB;q=0.9,en-US;q=0.8,en;q=0.7","cookie":"timezone=Asia\/Kolkata; cpsession=androidhiker%3a9AjGTART6gmw4rsW%2c30015d8ee72931b77655e9aa7a8b35e1; XSRF-TOKEN=eyJpdiI6IlZ2V2U3TGo3b2JMaG5OajNXUzNJQkE9PSIsInZhbHVlIjoiXC9zbHhWbDZKYlRWQVJ6bTFkXC9zZ2IyQmhzZ0ZBdFFKa2QxbjFMVWs4UkVDQWd0Nm83M1d4cFpZallwem94UHBjIiwibWFjIjoiYTIwMDU3ZDc2MDA4NjFmY2E3N2E5ODY0OGIzMzcwNzE3MzA5ZjM5NTg5NWVjMTQ4ODNmMzllMzYwNDhiY2I4OSJ9; laravel_session=eyJpdiI6ImdVNXQrbUNUUTVLOGhtXC91R0kydU9RPT0iLCJ2YWx1ZSI6IjZ3Y3E3QVhSNCt5aUlyUkpURk1vUUdXVGVmd3BoSDg5ZURrOUp4a1p3OWVDOEhUS3JJZ3VwR1pTeUJtcE53QmwiLCJtYWMiOiI1YmI5MGI0OWNkODNkNWU1NWFmZjAwZjQzMzNjNmNiNzRjMDkxZWFhYWQzNTljN2VmMDhhYWZlYmVmMDIwYThhIn0%3D","x-https":"1"},"payload":[],"session":{"currency":"INR","rates":null,"_token":"N1yfHbSAPV01GXyWrRdiZmDBk2ZSTfGidJoaevZw","_previous":{"url":"https:\/\/androidhiker.com\/ekart\/admin\/login"},"_flash":{"old":[],"new":[]}},"response_status":200,"response":{"view":"\/home\/androidhiker\/public_html\/ekart\/resources\/views\/auth\/login.blade.php","data":[]},"duration":1102,"memory":10,"hostname":"ip-107-180-91-158.ip.secureserver.net"}, 2021-07-23 10:27:45, ?, request, 93f9eca8-2478-40df-9383-6af8e19f5d48)) {"exception":"[object] (Illuminate\\Database\\QueryException(code: HY000): SQLSTATE[HY000]: General error: 1364 Field 'sequence' doesn't have a default value (SQL: insert into `telescope_entries` (`batch_id`, `content`, `created_at`, `family_hash`, `type`, `uuid`) values (93f9eca8-24f8-4e57-a38a-fd818d2cfe52, {\"name\":\"auth.login\",\"path\":\"\\/resources\\/views\\/auth\\/login.blade.php\",\"data\":[],\"hostname\":\"ip-107-180-91-158.ip.secureserver.net\"}, 2021-07-23 10:27:45, ?, view, 93f9eca8-1c00-4566-ad7c-ac4b97a4a627), (93f9eca8-24f8-4e57-a38a-fd818d2cfe52, {\"uri\":\"\\/admin\\/login\",\"method\":\"GET\",\"controller_action\":\"App\\\\Http\\\\Controllers\\\\Auth\\\\LoginController@showLoginForm\",\"middleware\":[\"web\",\"guest\"],\"headers\":{\"host\":\"androidhiker.com\",\"connection\":\"keep-alive\",\"sec-ch-ua\":\"\\\" Not;A Brand\\\";v=\\\"99\\\", \\\"Google Chrome\\\";v=\\\"91\\\", \\\"Chromium\\\";v=\\\"91\\\"\",\"sec-ch-ua-mobile\":\"?0\",\"upgrade-insecure-requests\":\"1\",\"user-agent\":\"Mozilla\\/5.0 (Windows NT 10.0; Win64; x64) AppleWebKit\\/537.36 (KHTML, like Gecko) Chrome\\/91.0.4472.164 Safari\\/537.36\",\"accept\":\"text\\/html,application\\/xhtml+xml,application\\/xml;q=0.9,image\\/avif,image\\/webp,image\\/apng,*\\/*;q=0.8,application\\/signed-exchange;v=b3;q=0.9\",\"sec-fetch-site\":\"none\",\"sec-fetch-mode\":\"navigate\",\"sec-fetch-user\":\"?1\",\"sec-fetch-dest\":\"document\",\"accept-encoding\":\"gzip, deflate, br\",\"accept-language\":\"en-IN,en-GB;q=0.9,en-US;q=0.8,en;q=0.7\",\"cookie\":\"timezone=Asia\\/Kolkata; cpsession=androidhiker%3a9AjGTART6gmw4rsW%2c30015d8ee72931b77655e9aa7a8b35e1; XSRF-TOKEN=eyJpdiI6IlZ2V2U3TGo3b2JMaG5OajNXUzNJQkE9PSIsInZhbHVlIjoiXC9zbHhWbDZKYlRWQVJ6bTFkXC9zZ2IyQmhzZ0ZBdFFKa2QxbjFMVWs4UkVDQWd0Nm83M1d4cFpZallwem94UHBjIiwibWFjIjoiYTIwMDU3ZDc2MDA4NjFmY2E3N2E5ODY0OGIzMzcwNzE3MzA5ZjM5NTg5NWVjMTQ4ODNmMzllMzYwNDhiY2I4OSJ9; laravel_session=eyJpdiI6ImdVNXQrbUNUUTVLOGhtXC91R0kydU9RPT0iLCJ2YWx1ZSI6IjZ3Y3E3QVhSNCt5aUlyUkpURk1vUUdXVGVmd3BoSDg5ZURrOUp4a1p3OWVDOEhUS3JJZ3VwR1pTeUJtcE53QmwiLCJtYWMiOiI1YmI5MGI0OWNkODNkNWU1NWFmZjAwZjQzMzNjNmNiNzRjMDkxZWFhYWQzNTljN2VmMDhhYWZlYmVmMDIwYThhIn0%3D\",\"x-https\":\"1\"},\"payload\":[],\"session\":{\"currency\":\"INR\",\"rates\":null,\"_token\":\"N1yfHbSAPV01GXyWrRdiZmDBk2ZSTfGidJoaevZw\",\"_previous\":{\"url\":\"https:\\/\\/androidhiker.com\\/ekart\\/admin\\/login\"},\"_flash\":{\"old\":[],\"new\":[]}},\"response_status\":200,\"response\":{\"view\":\"\\/home\\/androidhiker\\/public_html\\/ekart\\/resources\\/views\\/auth\\/login.blade.php\",\"data\":[]},\"duration\":1102,\"memory\":10,\"hostname\":\"ip-107-180-91-158.ip.secureserver.net\"}, 2021-07-23 10:27:45, ?, request, 93f9eca8-2478-40df-9383-6af8e19f5d48)) at /home/androidhiker/public_html/ekart/vendor/laravel/framework/src/Illuminate/Database/Connection.php:669)
[stacktrace]
#0 /home/androidhiker/public_html/ekart/vendor/laravel/framework/src/Illuminate/Database/Connection.php(629): Illuminate\\Database\\Connection->runQueryCallback('insert into `te...', Array, Object(Closure))
#1 /home/androidhiker/public_html/ekart/vendor/laravel/framework/src/Illuminate/Database/Connection.php(464): Illuminate\\Database\\Connection->run('insert into `te...', Array, Object(Closure))
#2 /home/androidhiker/public_html/ekart/vendor/laravel/framework/src/Illuminate/Database/Connection.php(416): Illuminate\\Database\\Connection->statement('insert into `te...', Array)
#3 /home/androidhiker/public_html/ekart/vendor/laravel/framework/src/Illuminate/Database/Query/Builder.php(2651): Illuminate\\Database\\Connection->insert('insert into `te...', Array)
#4 /home/androidhiker/public_html/ekart/vendor/laravel/telescope/src/Storage/DatabaseEntriesRepository.php(148): Illuminate\\Database\\Query\\Builder->insert(Array)
#5 /home/androidhiker/public_html/ekart/vendor/laravel/framework/src/Illuminate/Support/Traits/EnumeratesValues.php(176): Laravel\\Telescope\\Storage\\DatabaseEntriesRepository->Laravel\\Telescope\\Storage\\{closure}(Object(Illuminate\\Support\\Collection), 0)
#6 /home/androidhiker/public_html/ekart/vendor/laravel/telescope/src/Storage/DatabaseEntriesRepository.php(149): Illuminate\\Support\\Collection->each(Object(Closure))
#7 /home/androidhiker/public_html/ekart/vendor/laravel/telescope/src/Telescope.php(568): Laravel\\Telescope\\Storage\\DatabaseEntriesRepository->store(Object(Illuminate\\Support\\Collection))
#8 /home/androidhiker/public_html/ekart/vendor/laravel/telescope/src/ListensForStorageOpportunities.php(44): Laravel\\Telescope\\Telescope::store(Object(Laravel\\Telescope\\Storage\\DatabaseEntriesRepository))
#9 [internal function]: Laravel\\Telescope\\Telescope::Laravel\\Telescope\\{closure}()
#10 /home/androidhiker/public_html/ekart/vendor/laravel/framework/src/Illuminate/Container/BoundMethod.php(32): call_user_func_array(Object(Closure), Array)
#11 /home/androidhiker/public_html/ekart/vendor/laravel/framework/src/Illuminate/Container/Util.php(36): Illuminate\\Container\\BoundMethod::Illuminate\\Container\\{closure}()
#12 /home/androidhiker/public_html/ekart/vendor/laravel/framework/src/Illuminate/Container/BoundMethod.php(78): Illuminate\\Container\\Util::unwrapIfClosure(Object(Closure))
#13 /home/androidhiker/public_html/ekart/vendor/laravel/framework/src/Illuminate/Container/BoundMethod.php(34): Illuminate\\Container\\BoundMethod::callBoundMethod(Object(Illuminate\\Foundation\\Application), Object(Closure), Object(Closure))
#14 /home/androidhiker/public_html/ekart/vendor/laravel/framework/src/Illuminate/Container/Container.php(590): Illuminate\\Container\\BoundMethod::call(Object(Illuminate\\Foundation\\Application), Object(Closure), Array, NULL)
#15 /home/androidhiker/public_html/ekart/vendor/laravel/framework/src/Illuminate/Foundation/Application.php(1067): Illuminate\\Container\\Container->call(Object(Closure))
#16 /home/androidhiker/public_html/ekart/vendor/laravel/framework/src/Illuminate/Foundation/Http/Kernel.php(185): Illuminate\\Foundation\\Application->terminate()
#17 /home/androidhiker/public_html/ekart/public/index.php(59): Illuminate\\Foundation\\Http\\Kernel->terminate(Object(Illuminate\\Http\\Request), Object(Illuminate\\Http\\Response))
#18 /home/androidhiker/public_html/ekart/index.php(21): require_once('/home/androidhi...')
#19 {main}

[previous exception] [object] (PDOException(code: HY000): SQLSTATE[HY000]: General error: 1364 Field 'sequence' doesn't have a default value at /home/androidhiker/public_html/ekart/vendor/laravel/framework/src/Illuminate/Database/Connection.php:463)
[stacktrace]
#0 /home/androidhiker/public_html/ekart/vendor/laravel/framework/src/Illuminate/Database/Connection.php(463): PDOStatement->execute()
#1 /home/androidhiker/public_html/ekart/vendor/laravel/framework/src/Illuminate/Database/Connection.php(662): Illuminate\\Database\\Connection->Illuminate\\Database\\{closure}('insert into `te...', Array)
#2 /home/androidhiker/public_html/ekart/vendor/laravel/framework/src/Illuminate/Database/Connection.php(629): Illuminate\\Database\\Connection->runQueryCallback('insert into `te...', Array, Object(Closure))
#3 /home/androidhiker/public_html/ekart/vendor/laravel/framework/src/Illuminate/Database/Connection.php(464): Illuminate\\Database\\Connection->run('insert into `te...', Array, Object(Closure))
#4 /home/androidhiker/public_html/ekart/vendor/laravel/framework/src/Illuminate/Database/Connection.php(416): Illuminate\\Database\\Connection->statement('insert into `te...', Array)
#5 /home/androidhiker/public_html/ekart/vendor/laravel/framework/src/Illuminate/Database/Query/Builder.php(2651): Illuminate\\Database\\Connection->insert('insert into `te...', Array)
#6 /home/androidhiker/public_html/ekart/vendor/laravel/telescope/src/Storage/DatabaseEntriesRepository.php(148): Illuminate\\Database\\Query\\Builder->insert(Array)
#7 /home/androidhiker/public_html/ekart/vendor/laravel/framework/src/Illuminate/Support/Traits/EnumeratesValues.php(176): Laravel\\Telescope\\Storage\\DatabaseEntriesRepository->Laravel\\Telescope\\Storage\\{closure}(Object(Illuminate\\Support\\Collection), 0)
#8 /home/androidhiker/public_html/ekart/vendor/laravel/telescope/src/Storage/DatabaseEntriesRepository.php(149): Illuminate\\Support\\Collection->each(Object(Closure))
#9 /home/androidhiker/public_html/ekart/vendor/laravel/telescope/src/Telescope.php(568): Laravel\\Telescope\\Storage\\DatabaseEntriesRepository->store(Object(Illuminate\\Support\\Collection))
#10 /home/androidhiker/public_html/ekart/vendor/laravel/telescope/src/ListensForStorageOpportunities.php(44): Laravel\\Telescope\\Telescope::store(Object(Laravel\\Telescope\\Storage\\DatabaseEntriesRepository))
#11 [internal function]: Laravel\\Telescope\\Telescope::Laravel\\Telescope\\{closure}()
#12 /home/androidhiker/public_html/ekart/vendor/laravel/framework/src/Illuminate/Container/BoundMethod.php(32): call_user_func_array(Object(Closure), Array)
#13 /home/androidhiker/public_html/ekart/vendor/laravel/framework/src/Illuminate/Container/Util.php(36): Illuminate\\Container\\BoundMethod::Illuminate\\Container\\{closure}()
#14 /home/androidhiker/public_html/ekart/vendor/laravel/framework/src/Illuminate/Container/BoundMethod.php(78): Illuminate\\Container\\Util::unwrapIfClosure(Object(Closure))
#15 /home/androidhiker/public_html/ekart/vendor/laravel/framework/src/Illuminate/Container/BoundMethod.php(34): Illuminate\\Container\\BoundMethod::callBoundMethod(Object(Illuminate\\Foundation\\Application), Object(Closure), Object(Closure))
#16 /home/androidhiker/public_html/ekart/vendor/laravel/framework/src/Illuminate/Container/Container.php(590): Illuminate\\Container\\BoundMethod::call(Object(Illuminate\\Foundation\\Application), Object(Closure), Array, NULL)
#17 /home/androidhiker/public_html/ekart/vendor/laravel/framework/src/Illuminate/Foundation/Application.php(1067): Illuminate\\Container\\Container->call(Object(Closure))
#18 /home/androidhiker/public_html/ekart/vendor/laravel/framework/src/Illuminate/Foundation/Http/Kernel.php(185): Illuminate\\Foundation\\Application->terminate()
#19 /home/androidhiker/public_html/ekart/public/index.php(59): Illuminate\\Foundation\\Http\\Kernel->terminate(Object(Illuminate\\Http\\Request), Object(Illuminate\\Http\\Response))
#20 /home/androidhiker/public_html/ekart/index.php(21): require_once('/home/androidhi...')
#21 {main}
"} 
